<?xml version="1.0" encoding="UTF-8"?>
<!-- Generated by org.testng.reporters.JUnitReportReporter -->
<testsuite hostname="qtlsys2-139" name="Tests.Loan_Draw_statement_DLQ_DeceasedDFLT_WO" tests="1" failures="0" timestamp="20 Dec 2018 05:45:33 GMT" time="870.853" errors="0">
  <testcase name="RegistrationTest" time="870.853" classname="Tests.Loan_Draw_statement_DLQ_DeceasedDFLT_WO"/>
</testsuite> <!-- Tests.Loan_Draw_statement_DLQ_DeceasedDFLT_WO -->
