<?xml version="1.0" encoding="UTF-8"?>
<!-- Generated by org.testng.reporters.JUnitReportReporter -->
<testsuite hostname="qtlsys2-139" name="Tests.Loan_Draw_MinPayment_Deceased_Drawnotavailable" tests="1" failures="0" timestamp="21 Jan 2019 10:33:39 GMT" time="378.426" errors="0">
  <testcase name="RegistrationTest" time="378.426" classname="Tests.Loan_Draw_MinPayment_Deceased_Drawnotavailable"/>
</testsuite> <!-- Tests.Loan_Draw_MinPayment_Deceased_Drawnotavailable -->
