<?xml version="1.0" encoding="UTF-8"?>
<!-- Generated by org.testng.reporters.JUnitReportReporter -->
<testsuite hostname="qtlsys2-139" name="Tests.Loan_Draw_Payoff_Deceased_Void_Nextdrawavailable" tests="1" failures="0" timestamp="21 Jan 2019 07:01:08 GMT" time="393.010" errors="0">
  <testcase name="RegistrationTest" time="393.010" classname="Tests.Loan_Draw_Payoff_Deceased_Void_Nextdrawavailable"/>
</testsuite> <!-- Tests.Loan_Draw_Payoff_Deceased_Void_Nextdrawavailable -->
