<?xml version="1.0" encoding="UTF-8"?>
<!-- Generated by org.testng.reporters.JUnitReportReporter -->
<testsuite hostname="qtlsys2-139" name="Tests.Loan_Draw_statement_DLQ_DeceasedincurePeriod_WO" tests="1" failures="0" timestamp="19 Dec 2018 12:35:53 GMT" time="611.271" errors="0">
  <testcase name="RegistrationTest" time="611.271" classname="Tests.Loan_Draw_statement_DLQ_DeceasedincurePeriod_WO"/>
</testsuite> <!-- Tests.Loan_Draw_statement_DLQ_DeceasedincurePeriod_WO -->
