<?xml version="1.0" encoding="UTF-8"?>
<!-- Generated by org.testng.reporters.JUnitReportReporter -->
<testsuite hostname="qtlsys2-139" name="Tests.Loan_draw_statment_draw_DLQ_statment" tests="1" failures="0" timestamp="14 Dec 2018 05:51:22 GMT" time="479.751" errors="0">
  <testcase name="RegistrationTest" time="479.751" classname="Tests.Loan_draw_statment_draw_DLQ_statment"/>
</testsuite> <!-- Tests.Loan_draw_statment_draw_DLQ_statment -->
