<?xml version="1.0" encoding="UTF-8"?>
<!-- Generated by org.testng.reporters.JUnitReportReporter -->
<testsuite hostname="qtlsys2-139" name="Tests.Loan_Draw_DepositProcess_RTN_ACHOptout_ACHoptInDefault_CheckRCCEligibulity" tests="1" failures="0" timestamp="31 Jan 2019 11:45:05 GMT" time="981.351" errors="0">
  <testcase name="RegistrationTest" time="981.351" classname="Tests.Loan_Draw_DepositProcess_RTN_ACHOptout_ACHoptInDefault_CheckRCCEligibulity"/>
</testsuite> <!-- Tests.Loan_Draw_DepositProcess_RTN_ACHOptout_ACHoptInDefault_CheckRCCEligibulity -->
