<?xml version="1.0" encoding="UTF-8"?>
<!-- Generated by org.testng.reporters.JUnitReportReporter -->
<testsuite hostname="qtlsys2-139" name="Tests.Loan_Draw_StGn_Dismissedonduedate_ACHshouldnotgetdeposited" tests="1" failures="0" timestamp="28 Jan 2019 11:06:17 GMT" time="734.846" errors="0">
  <testcase name="RegistrationTest" time="734.846" classname="Tests.Loan_Draw_StGn_Dismissedonduedate_ACHshouldnotgetdeposited"/>
</testsuite> <!-- Tests.Loan_Draw_StGn_Dismissedonduedate_ACHshouldnotgetdeposited -->
