<?xml version="1.0" encoding="UTF-8"?>
<!-- Generated by org.testng.reporters.JUnitReportReporter -->
<testsuite hostname="qtlsys2-139" name="Tests.Loan_Draw_Payoff_Deceased_Nextdrawnotavailable" tests="1" failures="0" timestamp="16 Jan 2019 09:59:29 GMT" time="314.431" errors="0">
  <testcase name="RegistrationTest" time="314.431" classname="Tests.Loan_Draw_Payoff_Deceased_Nextdrawnotavailable"/>
</testsuite> <!-- Tests.Loan_Draw_Payoff_Deceased_Nextdrawnotavailable -->
