<?xml version="1.0" encoding="UTF-8"?>
<!-- Generated by org.testng.reporters.JUnitReportReporter -->
<testsuite hostname="qtlsys2-139" name="Tests.Loan_Draw_StGn_ACHDeposit_RTN_Dismissed_ACHDepositnotRedeposit" tests="1" failures="0" timestamp="31 Jan 2019 13:53:52 GMT" time="835.286" errors="0">
  <testcase name="RegistrationTest" time="835.286" classname="Tests.Loan_Draw_StGn_ACHDeposit_RTN_Dismissed_ACHDepositnotRedeposit"/>
</testsuite> <!-- Tests.Loan_Draw_StGn_ACHDeposit_RTN_Dismissed_ACHDepositnotRedeposit -->
