<?xml version="1.0" encoding="UTF-8"?>
<!-- Generated by org.testng.reporters.JUnitReportReporter -->
<testsuite hostname="qtlsys2-139" name="Tests.Loan_Draw_StGn_Dfault_RCCRevoke_RPP_Dismissed_LinestatusWO" tests="1" failures="0" timestamp="30 Jan 2019 06:58:23 GMT" time="1175.764" errors="0">
  <testcase name="RegistrationTest" time="1175.764" classname="Tests.Loan_Draw_StGn_Dfault_RCCRevoke_RPP_Dismissed_LinestatusWO"/>
</testsuite> <!-- Tests.Loan_Draw_StGn_Dfault_RCCRevoke_RPP_Dismissed_LinestatusWO -->
