<?xml version="1.0" encoding="UTF-8"?>
<!-- Generated by org.testng.reporters.JUnitReportReporter -->
<testsuite hostname="qtlsys2-139" name="Tests.Loan_Draw_statement_VoidDraw_EOD__Draw_statment" tests="1" failures="0" timestamp="1 Feb 2019 08:46:43 GMT" time="545.700" errors="0">
  <testcase name="RegistrationTest" time="545.700" classname="Tests.Loan_Draw_statement_VoidDraw_EOD__Draw_statment"/>
</testsuite> <!-- Tests.Loan_Draw_statement_VoidDraw_EOD__Draw_statment -->
