<?xml version="1.0" encoding="UTF-8"?>
<!-- Generated by org.testng.reporters.JUnitReportReporter -->
<testsuite hostname="qtlsys2-139" name="Tests.ILP.Loan_PaymentinCSRPortel" tests="1" failures="0" timestamp="9 Feb 2019 10:17:31 GMT" time="149.164" errors="0">
  <testcase name="RegistrationTest" time="149.164" classname="Tests.ILP.Loan_PaymentinCSRPortel"/>
</testsuite> <!-- Tests.ILP.Loan_PaymentinCSRPortel -->
