<?xml version="1.0" encoding="UTF-8"?>
<!-- Generated by org.testng.reporters.JUnitReportReporter -->
<testsuite hostname="qtlsys2-139" name="Tests.Loan_Draw_DepositProcess_RTN_ACHOptout_Default_CheckRCCEligibulity" tests="1" failures="0" timestamp="31 Jan 2019 07:40:49 GMT" time="991.634" errors="0">
  <testcase name="RegistrationTest" time="991.634" classname="Tests.Loan_Draw_DepositProcess_RTN_ACHOptout_Default_CheckRCCEligibulity"/>
</testsuite> <!-- Tests.Loan_Draw_DepositProcess_RTN_ACHOptout_Default_CheckRCCEligibulity -->
