<?xml version="1.0" encoding="UTF-8"?>
<!-- Generated by org.testng.reporters.JUnitReportReporter -->
<testsuite hostname="qtlsys2-139" name="Tests.Loan_Draw_statement_Partialpayment_EOD_DLQ_Cure_Default" tests="1" failures="0" timestamp="18 Dec 2018 06:36:01 GMT" time="748.478" errors="0">
  <testcase name="RegistrationTest" time="748.478" classname="Tests.Loan_Draw_statement_Partialpayment_EOD_DLQ_Cure_Default"/>
</testsuite> <!-- Tests.Loan_Draw_statement_Partialpayment_EOD_DLQ_Cure_Default -->
