<?xml version="1.0" encoding="UTF-8"?>
<!-- Generated by org.testng.reporters.JUnitReportReporter -->
<testsuite hostname="qtlsys2-139" name="Tests.Loan_Draw_statement_DLQ_DFLT_DeceasedWO_VoidDeceased_Linestatus" tests="1" failures="0" timestamp="9 Jan 2019 09:59:59 GMT" time="1164.705" errors="0">
  <testcase name="RegistrationTest" time="1164.705" classname="Tests.Loan_Draw_statement_DLQ_DFLT_DeceasedWO_VoidDeceased_Linestatus"/>
</testsuite> <!-- Tests.Loan_Draw_statement_DLQ_DFLT_DeceasedWO_VoidDeceased_Linestatus -->
