<?xml version="1.0" encoding="UTF-8"?>
<!-- Generated by org.testng.reporters.JUnitReportReporter -->
<testsuite hostname="qtlsys2-139" name="Tests.ILP.Executionbatchfile_ILP" tests="1" failures="0" timestamp="21 Feb 2019 06:50:24 GMT" time="450.925" errors="0">
  <testcase name="Loan_1stInstDeposit_Rtn" time="450.925" classname="Tests.ILP.Executionbatchfile_ILP"/>
</testsuite> <!-- Tests.ILP.Executionbatchfile_ILP -->
