<?xml version="1.0" encoding="UTF-8"?>
<!-- Generated by org.testng.reporters.JUnitReportReporter -->
<testsuite hostname="qtlsys2-139" name="Tests.Loan_Draw_StGn_Draw_Deposit_Activemillatrystart_RTN_Activemillitryend_StGn" tests="1" failures="0" timestamp="31 Jan 2019 16:43:19 GMT" time="675.032" errors="0">
  <testcase name="RegistrationTest" time="675.032" classname="Tests.Loan_Draw_StGn_Draw_Deposit_Activemillatrystart_RTN_Activemillitryend_StGn"/>
</testsuite> <!-- Tests.Loan_Draw_StGn_Draw_Deposit_Activemillatrystart_RTN_Activemillitryend_StGn -->
