<?xml version="1.0" encoding="UTF-8"?>
<!-- Generated by org.testng.reporters.JUnitReportReporter -->
<testsuite hostname="qtlsys2-139" name="Tests.Loan_Draw_statement_Draw_MinPayment_EOD_PartialPayment_statement_Draw" tests="1" failures="0" timestamp="2 Jan 2019 06:57:34 GMT" time="582.605" errors="0">
  <testcase name="RegistrationTest" time="582.605" classname="Tests.Loan_Draw_statement_Draw_MinPayment_EOD_PartialPayment_statement_Draw"/>
</testsuite> <!-- Tests.Loan_Draw_statement_Draw_MinPayment_EOD_PartialPayment_statement_Draw -->
