<?xml version="1.0" encoding="UTF-8"?>
<!-- Generated by org.testng.reporters.JUnitReportReporter -->
<testsuite hostname="qtlsys2-139" name="Tests.Loan_Draw_statement_DLQ_DeceasedDFLT_WO_Void_Linestatus" tests="1" failures="0" timestamp="20 Dec 2018 08:08:22 GMT" time="984.015" errors="0">
  <testcase name="RegistrationTest" time="984.015" classname="Tests.Loan_Draw_statement_DLQ_DeceasedDFLT_WO_Void_Linestatus"/>
</testsuite> <!-- Tests.Loan_Draw_statement_DLQ_DeceasedDFLT_WO_Void_Linestatus -->
