<?xml version="1.0" encoding="UTF-8"?>
<!-- Generated by org.testng.reporters.JUnitReportReporter -->
<testsuite hostname="qtlsys2-139" name="Tests.Loan_Draw_StGn_ACHDeposit_RTN_Deceased_ACHDepositnotRedeposit" tests="1" failures="0" timestamp="31 Jan 2019 15:27:04 GMT" time="832.826" errors="0">
  <testcase name="RegistrationTest" time="832.826" classname="Tests.Loan_Draw_StGn_ACHDeposit_RTN_Deceased_ACHDepositnotRedeposit"/>
</testsuite> <!-- Tests.Loan_Draw_StGn_ACHDeposit_RTN_Deceased_ACHDepositnotRedeposit -->
