<?xml version="1.0" encoding="UTF-8"?>
<!-- Generated by org.testng.reporters.JUnitReportReporter -->
<testsuite hostname="qtlsys2-139" name="Tests.Loan_Draw_statement_DLQ_DFLT_DeceasedWO_Linestatus" tests="1" failures="0" timestamp="20 Dec 2018 11:39:00 GMT" time="1099.302" errors="0">
  <testcase name="RegistrationTest" time="1099.302" classname="Tests.Loan_Draw_statement_DLQ_DFLT_DeceasedWO_Linestatus"/>
</testsuite> <!-- Tests.Loan_Draw_statement_DLQ_DFLT_DeceasedWO_Linestatus -->
