<?xml version="1.0" encoding="UTF-8"?>
<!-- Generated by org.testng.reporters.JUnitReportReporter -->
<testsuite hostname="qtlsys2-139" name="Tests.PDL.Executionscriptes_PDL" tests="1" failures="0" timestamp="13 Dec 2018 12:01:32 GMT" time="741.088" errors="0">
  <testcase name="LoanwithCheck_Deposit_ReturnwithoutR01R09_FutureDepositNotposted" time="741.088" classname="Tests.PDL.Executionscriptes_PDL"/>
</testsuite> <!-- Tests.PDL.Executionscriptes_PDL -->
