<?xml version="1.0" encoding="UTF-8"?>
<!-- Generated by org.testng.reporters.JUnitReportReporter -->
<testsuite hostname="qtlsys2-139" name="Tests.Loan_Draw_Payoff_Loanclosure_Deceased_NewloanOriginationshouldnotbeallowed" tests="1" failures="0" timestamp="9 Jan 2019 13:42:00 GMT" time="339.484" errors="0">
  <testcase name="RegistrationTest" time="339.484" classname="Tests.Loan_Draw_Payoff_Loanclosure_Deceased_NewloanOriginationshouldnotbeallowed"/>
</testsuite> <!-- Tests.Loan_Draw_Payoff_Loanclosure_Deceased_NewloanOriginationshouldnotbeallowed -->
