<?xml version="1.0" encoding="UTF-8"?>
<!-- Generated by org.testng.reporters.JUnitReportReporter -->
<testsuite hostname="qtlsys2-139" name="Tests.Loan_Draw_Minpayment_Dismissed_drawnotavailable" tests="1" failures="0" timestamp="28 Jan 2019 06:17:39 GMT" time="498.630" errors="0">
  <testcase name="RegistrationTest" time="498.630" classname="Tests.Loan_Draw_Minpayment_Dismissed_drawnotavailable"/>
</testsuite> <!-- Tests.Loan_Draw_Minpayment_Dismissed_drawnotavailable -->
