<?xml version="1.0" encoding="UTF-8"?>
<!-- Generated by org.testng.reporters.JUnitReportReporter -->
<testsuite hostname="qtlsys2-139" name="Tests.Loan_Draw_statement_PartialPayment_EOD_DLQ_MinPayment_LoanCurrent_Draw" tests="1" failures="0" timestamp="18 Dec 2018 07:27:38 GMT" time="466.265" errors="0">
  <testcase name="RegistrationTest" time="466.265" classname="Tests.Loan_Draw_statement_PartialPayment_EOD_DLQ_MinPayment_LoanCurrent_Draw"/>
</testsuite> <!-- Tests.Loan_Draw_statement_PartialPayment_EOD_DLQ_MinPayment_LoanCurrent_Draw -->
