<?xml version="1.0" encoding="UTF-8"?>
<!-- Generated by org.testng.reporters.JUnitReportReporter -->
<testsuite hostname="qtlsys2-139" name="Tests.Loan_Draw_statement_Draw_Void_Rescind" tests="1" failures="0" timestamp="17 Dec 2018 11:45:59 GMT" time="243.443" errors="0">
  <testcase name="RegistrationTest" time="243.443" classname="Tests.Loan_Draw_statement_Draw_Void_Rescind"/>
</testsuite> <!-- Tests.Loan_Draw_statement_Draw_Void_Rescind -->
