<?xml version="1.0" encoding="UTF-8"?>
<!-- Generated by org.testng.reporters.JUnitReportReporter -->
<testsuite hostname="qtlsys2-139" name="Tests.Loan_Draw_statement_MinPayment_Void_DLQ_Cure_Default" tests="1" failures="0" timestamp="19 Dec 2018 10:36:47 GMT" time="842.165" errors="0">
  <testcase name="RegistrationTest" time="842.165" classname="Tests.Loan_Draw_statement_MinPayment_Void_DLQ_Cure_Default"/>
</testsuite> <!-- Tests.Loan_Draw_statement_MinPayment_Void_DLQ_Cure_Default -->
