<?xml version="1.0" encoding="UTF-8"?>
<!-- Generated by org.testng.reporters.JUnitReportReporter -->
<testsuite hostname="qtlsys2-139" name="Tests.Loan_statement_Draw_DLQ_Cure_MinPayment_Draw_statment" tests="1" failures="0" timestamp="14 Dec 2018 09:09:17 GMT" time="672.080" errors="0">
  <testcase name="RegistrationTest" time="672.080" classname="Tests.Loan_statement_Draw_DLQ_Cure_MinPayment_Draw_statment"/>
</testsuite> <!-- Tests.Loan_statement_Draw_DLQ_Cure_MinPayment_Draw_statment -->
