<?xml version="1.0" encoding="UTF-8"?>
<!-- Generated by org.testng.reporters.JUnitReportReporter -->
<testsuite hostname="qtlsys2-139" name="Tests.Loan_Draw_PartialPMT_MinPayment_EOD" tests="1" failures="0" timestamp="18 Dec 2018 05:51:38 GMT" time="414.505" errors="0">
  <testcase name="RegistrationTest" time="414.505" classname="Tests.Loan_Draw_PartialPMT_MinPayment_EOD"/>
</testsuite> <!-- Tests.Loan_Draw_PartialPMT_MinPayment_EOD -->
